2021-11-03T04:01:33+00:00 CRITICAL Uncaught Error: Undefined constant "WP_ENVIRONMENT_TYPE" in G:\Pxamp\karofivietnam.com.vn\wp-content\plugins\woocommerce\packages\woocommerce-admin\src\Schedulers\MailchimpScheduler.php:90
Stack trace:
#0 G:\Pxamp\karofivietnam.com.vn\wp-content\plugins\woocommerce\packages\woocommerce-admin\src\Schedulers\MailchimpScheduler.php(90): constant('WP_ENVIRONMENT_...')
#1 G:\Pxamp\karofivietnam.com.vn\wp-content\plugins\woocommerce\packages\woocommerce-admin\src\Schedulers\MailchimpScheduler.php(58): Automattic\WooCommerce\Admin\Schedulers\MailchimpScheduler->make_request('automails123@gm...')
#2 G:\Pxamp\karofivietnam.com.vn\wp-content\plugins\woocommerce\packages\woocommerce-admin\src\Events.php(109): Automattic\WooCommerce\Admin\Schedulers\MailchimpScheduler->run()
#3 G:\Pxamp\karofivietnam.com.vn\wp-includes\class-wp-hook.php(303): Automattic\WooCommerce\Admin\Events->do_wc_admin_daily()
#4 G:\Pxamp\karofivietnam.com.vn\wp-includes\class-wp-hook.php(327): WP_Hook->apply_filters('', Array)
#5 G:\Pxamp\karofivietnam.com.vn\wp-includes\plugin.php(518): WP_Hook->do_action(Array)
#6 G:\Pxamp\karofivietnam.com.vn\wp-cron.php(138): do_action_ref_array('wc_admin_daily', Array)
#7 {main}
  thrown in G:\Pxamp\karofivietnam.com.vn\wp-content\plugins\woocommerce\packages\woocommerce-admin\src\Schedulers\MailchimpScheduler.php on line 90

2021-11-03T04:54:21+00:00 CRITICAL Uncaught Error: Object of class WP_Error could not be converted to string in G:\Pxamp\karofivietnam.com.vn\wp-content\themes\karofingocanh\archive.php:14
Stack trace:
#0 G:\Pxamp\karofivietnam.com.vn\wp-includes\template-loader.php(106): include()
#1 G:\Pxamp\karofivietnam.com.vn\wp-blog-header.php(19): require_once('G:\\Pxamp\\karofi...')
#2 G:\Pxamp\karofivietnam.com.vn\index.php(17): require('G:\\Pxamp\\karofi...')
#3 {main}
  thrown in G:\Pxamp\karofivietnam.com.vn\wp-content\themes\karofingocanh\archive.php on line 14

2021-11-03T04:54:36+00:00 CRITICAL Uncaught Error: Object of class WP_Error could not be converted to string in G:\Pxamp\karofivietnam.com.vn\wp-content\themes\karofingocanh\archive.php:14
Stack trace:
#0 G:\Pxamp\karofivietnam.com.vn\wp-includes\template-loader.php(106): include()
#1 G:\Pxamp\karofivietnam.com.vn\wp-blog-header.php(19): require_once('G:\\Pxamp\\karofi...')
#2 G:\Pxamp\karofivietnam.com.vn\index.php(17): require('G:\\Pxamp\\karofi...')
#3 {main}
  thrown in G:\Pxamp\karofivietnam.com.vn\wp-content\themes\karofingocanh\archive.php on line 14

2021-11-03T04:57:13+00:00 CRITICAL syntax error, unexpected token ")" in G:\Pxamp\karofivietnam.com.vn\wp-content\themes\karofingocanh\archive.php on line 21

2021-11-03T08:58:35+00:00 CRITICAL syntax error, unexpected identifier "fas" in G:\Pxamp\karofivietnam.com.vn\wp-content\themes\karofingocanh\functions.php on line 1073

2021-11-03T09:21:39+00:00 CRITICAL Uncaught Error: Object of class WP_Error could not be converted to string in G:\Pxamp\karofivietnam.com.vn\wp-content\themes\karofingocanh\singular.php:25
Stack trace:
#0 G:\Pxamp\karofivietnam.com.vn\wp-includes\template-loader.php(106): include()
#1 G:\Pxamp\karofivietnam.com.vn\wp-blog-header.php(19): require_once('G:\\Pxamp\\karofi...')
#2 G:\Pxamp\karofivietnam.com.vn\index.php(17): require('G:\\Pxamp\\karofi...')
#3 {main}
  thrown in G:\Pxamp\karofivietnam.com.vn\wp-content\themes\karofingocanh\singular.php on line 25

2021-11-03T09:21:51+00:00 CRITICAL Uncaught Error: Object of class WP_Error could not be converted to string in G:\Pxamp\karofivietnam.com.vn\wp-content\themes\karofingocanh\singular.php:25
Stack trace:
#0 G:\Pxamp\karofivietnam.com.vn\wp-includes\template-loader.php(106): include()
#1 G:\Pxamp\karofivietnam.com.vn\wp-blog-header.php(19): require_once('G:\\Pxamp\\karofi...')
#2 G:\Pxamp\karofivietnam.com.vn\index.php(17): require('G:\\Pxamp\\karofi...')
#3 {main}
  thrown in G:\Pxamp\karofivietnam.com.vn\wp-content\themes\karofingocanh\singular.php on line 25

2021-11-03T09:22:09+00:00 CRITICAL Uncaught Error: Object of class WP_Error could not be converted to string in G:\Pxamp\karofivietnam.com.vn\wp-content\themes\karofingocanh\singular.php:25
Stack trace:
#0 G:\Pxamp\karofivietnam.com.vn\wp-includes\template-loader.php(106): include()
#1 G:\Pxamp\karofivietnam.com.vn\wp-blog-header.php(19): require_once('G:\\Pxamp\\karofi...')
#2 G:\Pxamp\karofivietnam.com.vn\index.php(17): require('G:\\Pxamp\\karofi...')
#3 {main}
  thrown in G:\Pxamp\karofivietnam.com.vn\wp-content\themes\karofingocanh\singular.php on line 25

2021-11-03T09:49:57+00:00 CRITICAL syntax error, unexpected variable "$success", expecting "," or ";" in G:\Pxamp\karofivietnam.com.vn\wp-content\themes\karofingocanh\functions.php on line 1666

2021-11-03T09:50:02+00:00 CRITICAL syntax error, unexpected variable "$success", expecting "," or ";" in G:\Pxamp\karofivietnam.com.vn\wp-content\themes\karofingocanh\functions.php on line 1666

2021-11-03T10:48:32+00:00 CRITICAL Unclosed '{' on line 1887 in G:\Pxamp\karofivietnam.com.vn\wp-content\themes\karofingocanh\functions.php on line 1932

2021-11-03T10:49:02+00:00 CRITICAL Unclosed '{' on line 1887 in G:\Pxamp\karofivietnam.com.vn\wp-content\themes\karofingocanh\functions.php on line 1932

2021-11-03T10:50:20+00:00 CRITICAL Unclosed '{' on line 1887 in G:\Pxamp\karofivietnam.com.vn\wp-content\themes\karofingocanh\functions.php on line 1932

2021-11-03T10:50:33+00:00 CRITICAL Uncaught Error: Call to undefined function related_posts() in G:\Pxamp\karofivietnam.com.vn\wp-content\themes\karofingocanh\singular.php:48
Stack trace:
#0 G:\Pxamp\karofivietnam.com.vn\wp-includes\template-loader.php(106): include()
#1 G:\Pxamp\karofivietnam.com.vn\wp-blog-header.php(19): require_once('G:\\Pxamp\\karofi...')
#2 G:\Pxamp\karofivietnam.com.vn\index.php(17): require('G:\\Pxamp\\karofi...')
#3 {main}
  thrown in G:\Pxamp\karofivietnam.com.vn\wp-content\themes\karofingocanh\singular.php on line 48

2021-11-03T10:52:33+00:00 CRITICAL Unclosed '{' on line 1887 in G:\Pxamp\karofivietnam.com.vn\wp-content\themes\karofingocanh\functions.php on line 1932

2021-11-03T10:54:34+00:00 CRITICAL Unclosed '{' on line 1887 in G:\Pxamp\karofivietnam.com.vn\wp-content\themes\karofingocanh\functions.php on line 1932

2021-11-03T10:55:05+00:00 CRITICAL Unclosed '{' on line 1887 in G:\Pxamp\karofivietnam.com.vn\wp-content\themes\karofingocanh\functions.php on line 1932

2021-11-03T10:56:35+00:00 CRITICAL Unclosed '{' on line 65 in G:\Pxamp\karofivietnam.com.vn\wp-content\themes\karofingocanh\singular.php on line 196

