2021-11-12T05:33:52+00:00 CRITICAL Uncaught Error: Call to undefined function create_function() in G:\Pxamp\karofivietnam.com.vn\wp-content\themes\karofingocanh\functions.php:827
Stack trace:
#0 G:\Pxamp\karofivietnam.com.vn\wp-settings.php(546): include()
#1 G:\Pxamp\karofivietnam.com.vn\wp-config.php(98): require_once('G:\\Pxamp\\karofi...')
#2 G:\Pxamp\karofivietnam.com.vn\wp-load.php(50): require_once('G:\\Pxamp\\karofi...')
#3 G:\Pxamp\karofivietnam.com.vn\wp-blog-header.php(13): require_once('G:\\Pxamp\\karofi...')
#4 G:\Pxamp\karofivietnam.com.vn\index.php(17): require('G:\\Pxamp\\karofi...')
#5 {main}
  thrown in G:\Pxamp\karofivietnam.com.vn\wp-content\themes\karofingocanh\functions.php on line 827

2021-11-12T05:34:38+00:00 CRITICAL Uncaught Error: Call to undefined function create_function() in G:\Pxamp\karofivietnam.com.vn\wp-content\themes\karofingocanh\functions.php:827
Stack trace:
#0 G:\Pxamp\karofivietnam.com.vn\wp-settings.php(546): include()
#1 G:\Pxamp\karofivietnam.com.vn\wp-config.php(98): require_once('G:\\Pxamp\\karofi...')
#2 G:\Pxamp\karofivietnam.com.vn\wp-load.php(50): require_once('G:\\Pxamp\\karofi...')
#3 G:\Pxamp\karofivietnam.com.vn\wp-admin\admin-ajax.php(22): require_once('G:\\Pxamp\\karofi...')
#4 {main}
  thrown in G:\Pxamp\karofivietnam.com.vn\wp-content\themes\karofingocanh\functions.php on line 827

2021-11-12T05:35:00+00:00 CRITICAL Uncaught Error: Call to undefined function create_function() in G:\Pxamp\karofivietnam.com.vn\wp-content\themes\karofingocanh\functions.php:827
Stack trace:
#0 G:\Pxamp\karofivietnam.com.vn\wp-settings.php(546): include()
#1 G:\Pxamp\karofivietnam.com.vn\wp-config.php(98): require_once('G:\\Pxamp\\karofi...')
#2 G:\Pxamp\karofivietnam.com.vn\wp-load.php(50): require_once('G:\\Pxamp\\karofi...')
#3 G:\Pxamp\karofivietnam.com.vn\wp-admin\admin-ajax.php(22): require_once('G:\\Pxamp\\karofi...')
#4 {main}
  thrown in G:\Pxamp\karofivietnam.com.vn\wp-content\themes\karofingocanh\functions.php on line 827

