2021-11-05T04:00:29+00:00 CRITICAL Uncaught Error: Undefined constant "WP_ENVIRONMENT_TYPE" in G:\Pxamp\karofivietnam.com.vn\wp-content\plugins\woocommerce\packages\woocommerce-admin\src\Schedulers\MailchimpScheduler.php:90
Stack trace:
#0 G:\Pxamp\karofivietnam.com.vn\wp-content\plugins\woocommerce\packages\woocommerce-admin\src\Schedulers\MailchimpScheduler.php(90): constant('WP_ENVIRONMENT_...')
#1 G:\Pxamp\karofivietnam.com.vn\wp-content\plugins\woocommerce\packages\woocommerce-admin\src\Schedulers\MailchimpScheduler.php(58): Automattic\WooCommerce\Admin\Schedulers\MailchimpScheduler->make_request('automails123@gm...')
#2 G:\Pxamp\karofivietnam.com.vn\wp-content\plugins\woocommerce\packages\woocommerce-admin\src\Events.php(109): Automattic\WooCommerce\Admin\Schedulers\MailchimpScheduler->run()
#3 G:\Pxamp\karofivietnam.com.vn\wp-includes\class-wp-hook.php(303): Automattic\WooCommerce\Admin\Events->do_wc_admin_daily()
#4 G:\Pxamp\karofivietnam.com.vn\wp-includes\class-wp-hook.php(327): WP_Hook->apply_filters('', Array)
#5 G:\Pxamp\karofivietnam.com.vn\wp-includes\plugin.php(518): WP_Hook->do_action(Array)
#6 G:\Pxamp\karofivietnam.com.vn\wp-cron.php(138): do_action_ref_array('wc_admin_daily', Array)
#7 {main}
  thrown in G:\Pxamp\karofivietnam.com.vn\wp-content\plugins\woocommerce\packages\woocommerce-admin\src\Schedulers\MailchimpScheduler.php on line 90

2021-11-05T04:10:12+00:00 CRITICAL Uncaught Error: Call to undefined function twenty_twenty_one_the_posts_navigation() in G:\Pxamp\karofivietnam.com.vn\wp-content\themes\karofingocanh\search.php:56
Stack trace:
#0 G:\Pxamp\karofivietnam.com.vn\wp-includes\template-loader.php(106): include()
#1 G:\Pxamp\karofivietnam.com.vn\wp-blog-header.php(19): require_once('G:\\Pxamp\\karofi...')
#2 G:\Pxamp\karofivietnam.com.vn\index.php(17): require('G:\\Pxamp\\karofi...')
#3 {main}
  thrown in G:\Pxamp\karofivietnam.com.vn\wp-content\themes\karofingocanh\search.php on line 56

2021-11-05T04:11:21+00:00 CRITICAL Uncaught Error: Call to undefined function twenty_twenty_one_the_posts_navigation() in G:\Pxamp\karofivietnam.com.vn\wp-content\themes\karofingocanh\search.php:56
Stack trace:
#0 G:\Pxamp\karofivietnam.com.vn\wp-includes\template-loader.php(106): include()
#1 G:\Pxamp\karofivietnam.com.vn\wp-blog-header.php(19): require_once('G:\\Pxamp\\karofi...')
#2 G:\Pxamp\karofivietnam.com.vn\index.php(17): require('G:\\Pxamp\\karofi...')
#3 {main}
  thrown in G:\Pxamp\karofivietnam.com.vn\wp-content\themes\karofingocanh\search.php on line 56

2021-11-05T04:12:06+00:00 CRITICAL Uncaught Error: Call to undefined function twenty_twenty_one_the_posts_navigation() in G:\Pxamp\karofivietnam.com.vn\wp-content\themes\karofingocanh\search.php:56
Stack trace:
#0 G:\Pxamp\karofivietnam.com.vn\wp-includes\template-loader.php(106): include()
#1 G:\Pxamp\karofivietnam.com.vn\wp-blog-header.php(19): require_once('G:\\Pxamp\\karofi...')
#2 G:\Pxamp\karofivietnam.com.vn\index.php(17): require('G:\\Pxamp\\karofi...')
#3 {main}
  thrown in G:\Pxamp\karofivietnam.com.vn\wp-content\themes\karofingocanh\search.php on line 56

2021-11-05T04:22:26+00:00 CRITICAL Uncaught Error: Call to undefined function twentyseventeen_edit_link() in G:\Pxamp\karofivietnam.com.vn\wp-content\themes\karofingocanh\template-parts\post\content-search.php:35
Stack trace:
#0 G:\Pxamp\karofivietnam.com.vn\wp-includes\template.php(772): require()
#1 G:\Pxamp\karofivietnam.com.vn\wp-includes\template.php(716): load_template('G:\\Pxamp\\karofi...', false, Array)
#2 G:\Pxamp\karofivietnam.com.vn\wp-includes\general-template.php(204): locate_template(Array, true, false, Array)
#3 G:\Pxamp\karofivietnam.com.vn\wp-content\themes\karofingocanh\search.php(30): get_template_part('template-parts/...', 'search')
#4 G:\Pxamp\karofivietnam.com.vn\wp-includes\template-loader.php(106): include('G:\\Pxamp\\karofi...')
#5 G:\Pxamp\karofivietnam.com.vn\wp-blog-header.php(19): require_once('G:\\Pxamp\\karofi...')
#6 G:\Pxamp\karofivietnam.com.vn\index.php(17): require('G:\\Pxamp\\karofi...')
#7 {main}
  thrown in G:\Pxamp\karofivietnam.com.vn\wp-content\themes\karofingocanh\template-parts\post\content-search.php on line 35

2021-11-05T04:29:12+00:00 CRITICAL syntax error, unexpected token "}" in G:\Pxamp\karofivietnam.com.vn\wp-content\themes\karofingocanh\template-parts\post\content-search.php on line 23

2021-11-05T04:29:29+00:00 CRITICAL Uncaught Error: Call to undefined function twentyseventeen_edit_link() in G:\Pxamp\karofivietnam.com.vn\wp-content\themes\karofingocanh\template-parts\post\content-search.php:32
Stack trace:
#0 G:\Pxamp\karofivietnam.com.vn\wp-includes\template.php(772): require()
#1 G:\Pxamp\karofivietnam.com.vn\wp-includes\template.php(716): load_template('G:\\Pxamp\\karofi...', false, Array)
#2 G:\Pxamp\karofivietnam.com.vn\wp-includes\general-template.php(204): locate_template(Array, true, false, Array)
#3 G:\Pxamp\karofivietnam.com.vn\wp-content\themes\karofingocanh\search.php(30): get_template_part('template-parts/...', 'search')
#4 G:\Pxamp\karofivietnam.com.vn\wp-includes\template-loader.php(106): include('G:\\Pxamp\\karofi...')
#5 G:\Pxamp\karofivietnam.com.vn\wp-blog-header.php(19): require_once('G:\\Pxamp\\karofi...')
#6 G:\Pxamp\karofivietnam.com.vn\index.php(17): require('G:\\Pxamp\\karofi...')
#7 {main}
  thrown in G:\Pxamp\karofivietnam.com.vn\wp-content\themes\karofingocanh\template-parts\post\content-search.php on line 32

2021-11-05T04:32:28+00:00 CRITICAL Uncaught Error: Call to undefined function twentyseventeen_time_link() in G:\Pxamp\karofivietnam.com.vn\wp-content\themes\karofingocanh\template-parts\post\content-search.php:27
Stack trace:
#0 G:\Pxamp\karofivietnam.com.vn\wp-includes\template.php(772): require()
#1 G:\Pxamp\karofivietnam.com.vn\wp-includes\template.php(716): load_template('G:\\Pxamp\\karofi...', false, Array)
#2 G:\Pxamp\karofivietnam.com.vn\wp-includes\general-template.php(204): locate_template(Array, true, false, Array)
#3 G:\Pxamp\karofivietnam.com.vn\wp-content\themes\karofingocanh\search.php(30): get_template_part('template-parts/...', 'search')
#4 G:\Pxamp\karofivietnam.com.vn\wp-includes\template-loader.php(106): include('G:\\Pxamp\\karofi...')
#5 G:\Pxamp\karofivietnam.com.vn\wp-blog-header.php(19): require_once('G:\\Pxamp\\karofi...')
#6 G:\Pxamp\karofivietnam.com.vn\index.php(17): require('G:\\Pxamp\\karofi...')
#7 {main}
  thrown in G:\Pxamp\karofivietnam.com.vn\wp-content\themes\karofingocanh\template-parts\post\content-search.php on line 27

